<?xml version="1.0" encoding="UTF-8"?>
<!-- Generated by org.testng.reporters.JUnitReportReporter -->
<testsuite hostname="SUSHMAE-PC" name="testing.test321" tests="1" failures="0" timestamp="7 Apr 2016 06:43:10 GMT" time="0.000" errors="0">
  <testcase name="test3" time="0.000" classname="testing.test321"/>
</testsuite> <!-- testing.test321 -->
