<?xml version="1.0" encoding="UTF-8"?>
<!-- Generated by org.testng.reporters.JUnitReportReporter -->
<testsuite hostname="SUSHMAE-PC" name="testing.test123" tests="2" failures="0" timestamp="7 Apr 2016 06:43:10 GMT" time="15.568" errors="0">
  <testcase name="test2" time="0.000" classname="testing.test123"/>
  <testcase name="test1" time="15.568" classname="testing.test123"/>
</testsuite> <!-- testing.test123 -->
