<?xml version="1.0" encoding="UTF-8" ?>
<testsuite failures="0" time="15.856" errors="0" skipped="0" tests="3" name="TestSuite">
  <properties>
    <property name="java.runtime.name" value="Java(TM) SE Runtime Environment"/>
    <property name="sun.boot.library.path" value="C:\Program Files (x86)\Java\jre7\bin"/>
    <property name="java.vm.version" value="23.2-b09"/>
    <property name="java.vm.vendor" value="Oracle Corporation"/>
    <property name="java.vendor.url" value="http://java.oracle.com/"/>
    <property name="path.separator" value=";"/>
    <property name="java.vm.name" value="Java HotSpot(TM) Client VM"/>
    <property name="file.encoding.pkg" value="sun.io"/>
    <property name="user.script" value=""/>
    <property name="user.country" value="AU"/>
    <property name="sun.java.launcher" value="SUN_STANDARD"/>
    <property name="sun.os.patch.level" value="Service Pack 1"/>
    <property name="java.vm.specification.name" value="Java Virtual Machine Specification"/>
    <property name="user.dir" value="C:\Users\senishetty\workspace\test"/>
    <property name="java.runtime.version" value="1.7.0_06-b24"/>
    <property name="java.awt.graphicsenv" value="sun.awt.Win32GraphicsEnvironment"/>
    <property name="basedir" value="C:\Users\senishetty\workspace\test"/>
    <property name="java.endorsed.dirs" value="C:\Program Files (x86)\Java\jre7\lib\endorsed"/>
    <property name="os.arch" value="x86"/>
    <property name="surefire.real.class.path" value="C:\Users\senishetty\workspace\test\target\surefire\surefirebooter1320878124597495921.jar"/>
    <property name="java.io.tmpdir" value="C:\Users\SENISH~1\AppData\Local\Temp\"/>
    <property name="line.separator" value="
"/>
    <property name="java.vm.specification.vendor" value="Oracle Corporation"/>
    <property name="user.variant" value=""/>
    <property name="os.name" value="Windows 7"/>
    <property name="sun.jnu.encoding" value="Cp1252"/>
    <property name="jnidispatch.path" value="C:\Users\SENISH~1\AppData\Local\Temp\jna-1532213526\jna6299987115433468407.dll"/>
    <property name="java.library.path" value="C:\Program Files (x86)\Java\jre7\bin;C:\Windows\Sun\Java\bin;C:\Windows\system32;C:\Windows;C:/Program Files (x86)/Java/jre7/bin/client;C:/Program Files (x86)/Java/jre7/bin;C:/Program Files (x86)/Java/jre7/lib/i386;C:\Program Files (x86)\RSA SecurID Token Common;C:\Program Files\RSA SecurID Token Common;C:\Windows\system32;C:\Windows;C:\Windows\System32\Wbem;C:\Windows\System32\WindowsPowerShell\v1.0\;C:\Program Files\TortoiseSVN\bin;C:\Program Files (x86)\Java\jdk1.7.0_45\bin;C:\Selenium;C:\Program Files\Java\jdk1.7.0\bin;C:\Program Files (x86)\Java\jdk1.7.0_45\bin;D:\apache-maven-3.1.1\bin;.;C:\Program Files (x86)\Common Files\ThinPrint\;C:\Program Files (x86)\Skype\Phone\;C:\Users\senishetty\Desktop\teradici\dev\external\sikuli\multi_platform\libs;C:\Users\senishetty\Desktop\New folder (2)\ecllipse;;."/>
    <property name="surefire.test.class.path" value="C:\Users\senishetty\workspace\test\target\test-classes;C:\Users\senishetty\workspace\test\target\classes;C:\Users\senishetty\.m2\repository\org\seleniumhq\selenium\selenium-java\2.47.0\selenium-java-2.47.0.jar;C:\Users\senishetty\.m2\repository\org\seleniumhq\selenium\selenium-chrome-driver\2.47.0\selenium-chrome-driver-2.47.0.jar;C:\Users\senishetty\.m2\repository\org\seleniumhq\selenium\selenium-remote-driver\2.47.0\selenium-remote-driver-2.47.0.jar;C:\Users\senishetty\.m2\repository\cglib\cglib-nodep\2.1_3\cglib-nodep-2.1_3.jar;C:\Users\senishetty\.m2\repository\com\google\code\gson\gson\2.3.1\gson-2.3.1.jar;C:\Users\senishetty\.m2\repository\org\seleniumhq\selenium\selenium-api\2.47.0\selenium-api-2.47.0.jar;C:\Users\senishetty\.m2\repository\com\google\guava\guava\18.0\guava-18.0.jar;C:\Users\senishetty\.m2\repository\org\seleniumhq\selenium\selenium-htmlunit-driver\2.47.0\selenium-htmlunit-driver-2.47.0.jar;C:\Users\senishetty\.m2\repository\net\sourceforge\htmlunit\htmlunit\2.17\htmlunit-2.17.jar;C:\Users\senishetty\.m2\repository\xalan\xalan\2.7.2\xalan-2.7.2.jar;C:\Users\senishetty\.m2\repository\xalan\serializer\2.7.2\serializer-2.7.2.jar;C:\Users\senishetty\.m2\repository\commons-collections\commons-collections\3.2.1\commons-collections-3.2.1.jar;C:\Users\senishetty\.m2\repository\org\apache\commons\commons-lang3\3.4\commons-lang3-3.4.jar;C:\Users\senishetty\.m2\repository\org\apache\httpcomponents\httpmime\4.4.1\httpmime-4.4.1.jar;C:\Users\senishetty\.m2\repository\commons-codec\commons-codec\1.10\commons-codec-1.10.jar;C:\Users\senishetty\.m2\repository\net\sourceforge\htmlunit\htmlunit-core-js\2.17\htmlunit-core-js-2.17.jar;C:\Users\senishetty\.m2\repository\xerces\xercesImpl\2.11.0\xercesImpl-2.11.0.jar;C:\Users\senishetty\.m2\repository\xml-apis\xml-apis\1.4.01\xml-apis-1.4.01.jar;C:\Users\senishetty\.m2\repository\net\sourceforge\nekohtml\nekohtml\1.9.22\nekohtml-1.9.22.jar;C:\Users\senishetty\.m2\repository\net\sourceforge\cssparser\cssparser\0.9.16\cssparser-0.9.16.jar;C:\Users\senishetty\.m2\repository\org\w3c\css\sac\1.3\sac-1.3.jar;C:\Users\senishetty\.m2\repository\commons-logging\commons-logging\1.2\commons-logging-1.2.jar;C:\Users\senishetty\.m2\repository\org\eclipse\jetty\websocket\websocket-client\9.2.11.v20150529\websocket-client-9.2.11.v20150529.jar;C:\Users\senishetty\.m2\repository\org\eclipse\jetty\jetty-util\9.2.11.v20150529\jetty-util-9.2.11.v20150529.jar;C:\Users\senishetty\.m2\repository\org\eclipse\jetty\jetty-io\9.2.11.v20150529\jetty-io-9.2.11.v20150529.jar;C:\Users\senishetty\.m2\repository\org\eclipse\jetty\websocket\websocket-common\9.2.11.v20150529\websocket-common-9.2.11.v20150529.jar;C:\Users\senishetty\.m2\repository\org\eclipse\jetty\websocket\websocket-api\9.2.11.v20150529\websocket-api-9.2.11.v20150529.jar;C:\Users\senishetty\.m2\repository\org\apache\httpcomponents\httpclient\4.4.1\httpclient-4.4.1.jar;C:\Users\senishetty\.m2\repository\org\apache\httpcomponents\httpcore\4.4.1\httpcore-4.4.1.jar;C:\Users\senishetty\.m2\repository\org\seleniumhq\selenium\selenium-firefox-driver\2.47.0\selenium-firefox-driver-2.47.0.jar;C:\Users\senishetty\.m2\repository\commons-io\commons-io\2.4\commons-io-2.4.jar;C:\Users\senishetty\.m2\repository\org\apache\commons\commons-exec\1.3\commons-exec-1.3.jar;C:\Users\senishetty\.m2\repository\org\seleniumhq\selenium\selenium-ie-driver\2.47.0\selenium-ie-driver-2.47.0.jar;C:\Users\senishetty\.m2\repository\net\java\dev\jna\jna\4.1.0\jna-4.1.0.jar;C:\Users\senishetty\.m2\repository\net\java\dev\jna\jna-platform\4.1.0\jna-platform-4.1.0.jar;C:\Users\senishetty\.m2\repository\org\seleniumhq\selenium\selenium-safari-driver\2.47.0\selenium-safari-driver-2.47.0.jar;C:\Users\senishetty\.m2\repository\org\seleniumhq\selenium\selenium-support\2.47.0\selenium-support-2.47.0.jar;C:\Users\senishetty\.m2\repository\org\webbitserver\webbit\0.4.14\webbit-0.4.14.jar;C:\Users\senishetty\.m2\repository\io\netty\netty\3.5.2.Final\netty-3.5.2.Final.jar;C:\Users\senishetty\.m2\repository\org\seleniumhq\selenium\selenium-leg-rc\2.47.0\selenium-leg-rc-2.47.0.jar;C:\Users\senishetty\.m2\repository\org\testng\testng\6.8\testng-6.8.jar;C:\Users\senishetty\.m2\repository\junit\junit\4.10\junit-4.10.jar;C:\Users\senishetty\.m2\repository\org\hamcrest\hamcrest-core\1.1\hamcrest-core-1.1.jar;C:\Users\senishetty\.m2\repository\org\beanshell\bsh\2.0b4\bsh-2.0b4.jar;C:\Users\senishetty\.m2\repository\com\beust\jcommander\1.27\jcommander-1.27.jar;C:\Users\senishetty\.m2\repository\org\yaml\snakeyaml\1.6\snakeyaml-1.6.jar;C:\Users\senishetty\.m2\repository\org\apache\maven\surefire\surefire-testng-utils\2.8.1\surefire-testng-utils-2.8.1.jar;"/>
    <property name="java.specification.name" value="Java Platform API Specification"/>
    <property name="java.class.version" value="51.0"/>
    <property name="sun.management.compiler" value="HotSpot Client Compiler"/>
    <property name="os.version" value="6.1"/>
    <property name="user.home" value="C:\Users\senishetty"/>
    <property name="user.timezone" value="Asia/Calcutta"/>
    <property name="java.awt.printerjob" value="sun.awt.windows.WPrinterJob"/>
    <property name="java.specification.version" value="1.7"/>
    <property name="file.encoding" value="Cp1252"/>
    <property name="user.name" value="senishetty"/>
    <property name="java.class.path" value="C:\Users\senishetty\workspace\test\target\test-classes;C:\Users\senishetty\workspace\test\target\classes;C:\Users\senishetty\.m2\repository\org\seleniumhq\selenium\selenium-java\2.47.0\selenium-java-2.47.0.jar;C:\Users\senishetty\.m2\repository\org\seleniumhq\selenium\selenium-chrome-driver\2.47.0\selenium-chrome-driver-2.47.0.jar;C:\Users\senishetty\.m2\repository\org\seleniumhq\selenium\selenium-remote-driver\2.47.0\selenium-remote-driver-2.47.0.jar;C:\Users\senishetty\.m2\repository\cglib\cglib-nodep\2.1_3\cglib-nodep-2.1_3.jar;C:\Users\senishetty\.m2\repository\com\google\code\gson\gson\2.3.1\gson-2.3.1.jar;C:\Users\senishetty\.m2\repository\org\seleniumhq\selenium\selenium-api\2.47.0\selenium-api-2.47.0.jar;C:\Users\senishetty\.m2\repository\com\google\guava\guava\18.0\guava-18.0.jar;C:\Users\senishetty\.m2\repository\org\seleniumhq\selenium\selenium-htmlunit-driver\2.47.0\selenium-htmlunit-driver-2.47.0.jar;C:\Users\senishetty\.m2\repository\net\sourceforge\htmlunit\htmlunit\2.17\htmlunit-2.17.jar;C:\Users\senishetty\.m2\repository\xalan\xalan\2.7.2\xalan-2.7.2.jar;C:\Users\senishetty\.m2\repository\xalan\serializer\2.7.2\serializer-2.7.2.jar;C:\Users\senishetty\.m2\repository\commons-collections\commons-collections\3.2.1\commons-collections-3.2.1.jar;C:\Users\senishetty\.m2\repository\org\apache\commons\commons-lang3\3.4\commons-lang3-3.4.jar;C:\Users\senishetty\.m2\repository\org\apache\httpcomponents\httpmime\4.4.1\httpmime-4.4.1.jar;C:\Users\senishetty\.m2\repository\commons-codec\commons-codec\1.10\commons-codec-1.10.jar;C:\Users\senishetty\.m2\repository\net\sourceforge\htmlunit\htmlunit-core-js\2.17\htmlunit-core-js-2.17.jar;C:\Users\senishetty\.m2\repository\xerces\xercesImpl\2.11.0\xercesImpl-2.11.0.jar;C:\Users\senishetty\.m2\repository\xml-apis\xml-apis\1.4.01\xml-apis-1.4.01.jar;C:\Users\senishetty\.m2\repository\net\sourceforge\nekohtml\nekohtml\1.9.22\nekohtml-1.9.22.jar;C:\Users\senishetty\.m2\repository\net\sourceforge\cssparser\cssparser\0.9.16\cssparser-0.9.16.jar;C:\Users\senishetty\.m2\repository\org\w3c\css\sac\1.3\sac-1.3.jar;C:\Users\senishetty\.m2\repository\commons-logging\commons-logging\1.2\commons-logging-1.2.jar;C:\Users\senishetty\.m2\repository\org\eclipse\jetty\websocket\websocket-client\9.2.11.v20150529\websocket-client-9.2.11.v20150529.jar;C:\Users\senishetty\.m2\repository\org\eclipse\jetty\jetty-util\9.2.11.v20150529\jetty-util-9.2.11.v20150529.jar;C:\Users\senishetty\.m2\repository\org\eclipse\jetty\jetty-io\9.2.11.v20150529\jetty-io-9.2.11.v20150529.jar;C:\Users\senishetty\.m2\repository\org\eclipse\jetty\websocket\websocket-common\9.2.11.v20150529\websocket-common-9.2.11.v20150529.jar;C:\Users\senishetty\.m2\repository\org\eclipse\jetty\websocket\websocket-api\9.2.11.v20150529\websocket-api-9.2.11.v20150529.jar;C:\Users\senishetty\.m2\repository\org\apache\httpcomponents\httpclient\4.4.1\httpclient-4.4.1.jar;C:\Users\senishetty\.m2\repository\org\apache\httpcomponents\httpcore\4.4.1\httpcore-4.4.1.jar;C:\Users\senishetty\.m2\repository\org\seleniumhq\selenium\selenium-firefox-driver\2.47.0\selenium-firefox-driver-2.47.0.jar;C:\Users\senishetty\.m2\repository\commons-io\commons-io\2.4\commons-io-2.4.jar;C:\Users\senishetty\.m2\repository\org\apache\commons\commons-exec\1.3\commons-exec-1.3.jar;C:\Users\senishetty\.m2\repository\org\seleniumhq\selenium\selenium-ie-driver\2.47.0\selenium-ie-driver-2.47.0.jar;C:\Users\senishetty\.m2\repository\net\java\dev\jna\jna\4.1.0\jna-4.1.0.jar;C:\Users\senishetty\.m2\repository\net\java\dev\jna\jna-platform\4.1.0\jna-platform-4.1.0.jar;C:\Users\senishetty\.m2\repository\org\seleniumhq\selenium\selenium-safari-driver\2.47.0\selenium-safari-driver-2.47.0.jar;C:\Users\senishetty\.m2\repository\org\seleniumhq\selenium\selenium-support\2.47.0\selenium-support-2.47.0.jar;C:\Users\senishetty\.m2\repository\org\webbitserver\webbit\0.4.14\webbit-0.4.14.jar;C:\Users\senishetty\.m2\repository\io\netty\netty\3.5.2.Final\netty-3.5.2.Final.jar;C:\Users\senishetty\.m2\repository\org\seleniumhq\selenium\selenium-leg-rc\2.47.0\selenium-leg-rc-2.47.0.jar;C:\Users\senishetty\.m2\repository\org\testng\testng\6.8\testng-6.8.jar;C:\Users\senishetty\.m2\repository\junit\junit\4.10\junit-4.10.jar;C:\Users\senishetty\.m2\repository\org\hamcrest\hamcrest-core\1.1\hamcrest-core-1.1.jar;C:\Users\senishetty\.m2\repository\org\beanshell\bsh\2.0b4\bsh-2.0b4.jar;C:\Users\senishetty\.m2\repository\com\beust\jcommander\1.27\jcommander-1.27.jar;C:\Users\senishetty\.m2\repository\org\yaml\snakeyaml\1.6\snakeyaml-1.6.jar;C:\Users\senishetty\.m2\repository\org\apache\maven\surefire\surefire-testng-utils\2.8.1\surefire-testng-utils-2.8.1.jar;"/>
    <property name="java.vm.specification.version" value="1.7"/>
    <property name="sun.arch.data.model" value="32"/>
    <property name="java.home" value="C:\Program Files (x86)\Java\jre7"/>
    <property name="sun.java.command" value="C:\Users\senishetty\workspace\test\target\surefire\surefirebooter1320878124597495921.jar C:\Users\senishetty\workspace\test\target\surefire\surefire6996422617101039195tmp C:\Users\senishetty\workspace\test\target\surefire\surefire6629541505937737707tmp"/>
    <property name="java.specification.vendor" value="Oracle Corporation"/>
    <property name="user.language" value="en"/>
    <property name="awt.toolkit" value="sun.awt.windows.WToolkit"/>
    <property name="java.vm.info" value="mixed mode, sharing"/>
    <property name="java.version" value="1.7.0_06"/>
    <property name="java.ext.dirs" value="C:\Program Files (x86)\Java\jre7\lib\ext;C:\Windows\Sun\Java\lib\ext"/>
    <property name="sun.boot.class.path" value="C:\Program Files (x86)\Java\jre7\lib\resources.jar;C:\Program Files (x86)\Java\jre7\lib\rt.jar;C:\Program Files (x86)\Java\jre7\lib\sunrsasign.jar;C:\Program Files (x86)\Java\jre7\lib\jsse.jar;C:\Program Files (x86)\Java\jre7\lib\jce.jar;C:\Program Files (x86)\Java\jre7\lib\charsets.jar;C:\Program Files (x86)\Java\jre7\lib\jfr.jar;C:\Program Files (x86)\Java\jre7\classes"/>
    <property name="java.vendor" value="Oracle Corporation"/>
    <property name="localRepository" value="C:\Users\senishetty\.m2\repository"/>
    <property name="file.separator" value="\"/>
    <property name="java.vendor.url.bug" value="http://bugreport.sun.com/bugreport/"/>
    <property name="sun.cpu.endian" value="little"/>
    <property name="sun.io.unicode.encoding" value="UnicodeLittle"/>
    <property name="sun.desktop" value="windows"/>
    <property name="sun.cpu.isalist" value="pentium_pro+mmx pentium_pro pentium+mmx pentium i486 i386 i86"/>
  </properties>
  <testcase time="15.567" classname="testing.test123" name="test1"/>
  <testcase time="0" classname="testing.test123" name="test2"/>
  <testcase time="0" classname="testing.test321" name="test3"/>
</testsuite>